<?xml version="1.0" encoding="UTF-8"?>
<testsuite xmlns:xsi="http://www.w3.org/2001/XMLSchema-instance" xsi:noNamespaceSchemaLocation="https://maven.apache.org/surefire/maven-surefire-plugin/xsd/surefire-test-report.xsd" name="BSPQ20_E2.Netflix.DBTest" time="7.566" tests="13" errors="0" skipped="0" failures="0">
  <properties>
    <property name="sun.desktop" value="windows"/>
    <property name="awt.toolkit" value="sun.awt.windows.WToolkit"/>
    <property name="java.specification.version" value="12"/>
    <property name="sun.cpu.isalist" value="amd64"/>
    <property name="sun.jnu.encoding" value="Cp1252"/>
    <property name="java.class.path" value="C:\Users\Leirumon\eclipse-workspace2\BSPQ20-E2-master\Netflix\target\test-classes;C:\Users\Leirumon\eclipse-workspace2\BSPQ20-E2-master\Netflix\target\classes;C:\Users\Leirumon\.m2\repository\org\datanucleus\datanucleus-core\5.2.2\datanucleus-core-5.2.2.jar;C:\Users\Leirumon\.m2\repository\org\datanucleus\datanucleus-api-jdo\5.2.3\datanucleus-api-jdo-5.2.3.jar;C:\Users\Leirumon\.m2\repository\org\datanucleus\datanucleus-rdbms\5.2.2\datanucleus-rdbms-5.2.2.jar;C:\Users\Leirumon\.m2\repository\org\datanucleus\javax.jdo\3.2.0-m13\javax.jdo-3.2.0-m13.jar;C:\Users\Leirumon\.m2\repository\javax\transaction\transaction-api\1.1\transaction-api-1.1.jar;C:\Users\Leirumon\.m2\repository\mysql\mysql-connector-java\8.0.19\mysql-connector-java-8.0.19.jar;C:\Users\Leirumon\.m2\repository\com\google\protobuf\protobuf-java\3.6.1\protobuf-java-3.6.1.jar;C:\Users\Leirumon\.m2\repository\junit\junit\4.13\junit-4.13.jar;C:\Users\Leirumon\.m2\repository\org\hamcrest\hamcrest-core\1.3\hamcrest-core-1.3.jar;C:\Users\Leirumon\.m2\repository\org\mockito\mockito-core\2.18.0\mockito-core-2.18.0.jar;C:\Users\Leirumon\.m2\repository\net\bytebuddy\byte-buddy\1.8.3\byte-buddy-1.8.3.jar;C:\Users\Leirumon\.m2\repository\net\bytebuddy\byte-buddy-agent\1.8.3\byte-buddy-agent-1.8.3.jar;C:\Users\Leirumon\.m2\repository\org\objenesis\objenesis\2.6\objenesis-2.6.jar;C:\Users\Leirumon\.m2\repository\org\databene\contiperf\2.3.4\contiperf-2.3.4.jar;C:\Users\Leirumon\.m2\repository\log4j\log4j\1.2.17\log4j-1.2.17.jar;C:\Users\Leirumon\.m2\repository\org\glassfish\jersey\core\jersey-server\2.30.1\jersey-server-2.30.1.jar;C:\Users\Leirumon\.m2\repository\org\glassfish\jersey\core\jersey-common\2.30.1\jersey-common-2.30.1.jar;C:\Users\Leirumon\.m2\repository\org\glassfish\hk2\osgi-resource-locator\1.0.3\osgi-resource-locator-1.0.3.jar;C:\Users\Leirumon\.m2\repository\com\sun\activation\jakarta.activation\1.2.1\jakarta.activation-1.2.1.jar;C:\Users\Leirumon\.m2\repository\org\glassfish\jersey\core\jersey-client\2.30.1\jersey-client-2.30.1.jar;C:\Users\Leirumon\.m2\repository\jakarta\ws\rs\jakarta.ws.rs-api\2.1.6\jakarta.ws.rs-api-2.1.6.jar;C:\Users\Leirumon\.m2\repository\org\glassfish\jersey\media\jersey-media-jaxb\2.30.1\jersey-media-jaxb-2.30.1.jar;C:\Users\Leirumon\.m2\repository\jakarta\annotation\jakarta.annotation-api\1.3.5\jakarta.annotation-api-1.3.5.jar;C:\Users\Leirumon\.m2\repository\org\glassfish\hk2\external\jakarta.inject\2.6.1\jakarta.inject-2.6.1.jar;C:\Users\Leirumon\.m2\repository\jakarta\validation\jakarta.validation-api\2.0.2\jakarta.validation-api-2.0.2.jar;C:\Users\Leirumon\.m2\repository\jakarta\xml\bind\jakarta.xml.bind-api\2.3.2\jakarta.xml.bind-api-2.3.2.jar;C:\Users\Leirumon\.m2\repository\jakarta\activation\jakarta.activation-api\1.2.1\jakarta.activation-api-1.2.1.jar;C:\Users\Leirumon\.m2\repository\org\glassfish\jersey\containers\jersey-container-grizzly2-http\2.30.1\jersey-container-grizzly2-http-2.30.1.jar;C:\Users\Leirumon\.m2\repository\org\glassfish\grizzly\grizzly-http-server\2.4.4\grizzly-http-server-2.4.4.jar;C:\Users\Leirumon\.m2\repository\org\glassfish\grizzly\grizzly-http\2.4.4\grizzly-http-2.4.4.jar;C:\Users\Leirumon\.m2\repository\org\glassfish\grizzly\grizzly-framework\2.4.4\grizzly-framework-2.4.4.jar;C:\Users\Leirumon\.m2\repository\org\glassfish\jersey\inject\jersey-hk2\2.30.1\jersey-hk2-2.30.1.jar;C:\Users\Leirumon\.m2\repository\org\glassfish\hk2\hk2-locator\2.6.1\hk2-locator-2.6.1.jar;C:\Users\Leirumon\.m2\repository\org\glassfish\hk2\external\aopalliance-repackaged\2.6.1\aopalliance-repackaged-2.6.1.jar;C:\Users\Leirumon\.m2\repository\org\glassfish\hk2\hk2-api\2.6.1\hk2-api-2.6.1.jar;C:\Users\Leirumon\.m2\repository\org\glassfish\hk2\hk2-utils\2.6.1\hk2-utils-2.6.1.jar;C:\Users\Leirumon\.m2\repository\org\javassist\javassist\3.25.0-GA\javassist-3.25.0-GA.jar;C:\Users\Leirumon\.m2\repository\org\glassfish\jersey\media\jersey-media-json-binding\2.30.1\jersey-media-json-binding-2.30.1.jar;C:\Users\Leirumon\.m2\repository\org\glassfish\jakarta.json\1.1.5\jakarta.json-1.1.5.jar;C:\Users\Leirumon\.m2\repository\org\eclipse\yasson\1.0.3\yasson-1.0.3.jar;C:\Users\Leirumon\.m2\repository\jakarta\json\bind\jakarta.json.bind-api\1.0.2\jakarta.json.bind-api-1.0.2.jar;C:\Users\Leirumon\.m2\repository\jakarta\json\jakarta.json-api\1.1.5\jakarta.json-api-1.1.5.jar;"/>
    <property name="java.vm.vendor" value="Oracle Corporation"/>
    <property name="sun.arch.data.model" value="64"/>
    <property name="user.variant" value=""/>
    <property name="java.vendor.url" value="https://java.oracle.com/"/>
    <property name="user.timezone" value="Europe/Madrid"/>
    <property name="os.name" value="Windows 10"/>
    <property name="java.vm.specification.version" value="12"/>
    <property name="sun.java.launcher" value="SUN_STANDARD"/>
    <property name="user.country" value="ES"/>
    <property name="sun.boot.library.path" value="C:\Program Files\Java\jdk-12.0.2\bin"/>
    <property name="sun.java.command" value="C:\Users\Leirumon\AppData\Local\Temp\surefire11977102045702686498\surefirebooter1912432390564823725.jar C:\Users\Leirumon\AppData\Local\Temp\surefire11977102045702686498 2020-05-17T22-07-19_311-jvmRun1 surefire1898722418239941760tmp surefire_013668751991490279812tmp"/>
    <property name="jdk.debug" value="release"/>
    <property name="surefire.test.class.path" value="C:\Users\Leirumon\eclipse-workspace2\BSPQ20-E2-master\Netflix\target\test-classes;C:\Users\Leirumon\eclipse-workspace2\BSPQ20-E2-master\Netflix\target\classes;C:\Users\Leirumon\.m2\repository\org\datanucleus\datanucleus-core\5.2.2\datanucleus-core-5.2.2.jar;C:\Users\Leirumon\.m2\repository\org\datanucleus\datanucleus-api-jdo\5.2.3\datanucleus-api-jdo-5.2.3.jar;C:\Users\Leirumon\.m2\repository\org\datanucleus\datanucleus-rdbms\5.2.2\datanucleus-rdbms-5.2.2.jar;C:\Users\Leirumon\.m2\repository\org\datanucleus\javax.jdo\3.2.0-m13\javax.jdo-3.2.0-m13.jar;C:\Users\Leirumon\.m2\repository\javax\transaction\transaction-api\1.1\transaction-api-1.1.jar;C:\Users\Leirumon\.m2\repository\mysql\mysql-connector-java\8.0.19\mysql-connector-java-8.0.19.jar;C:\Users\Leirumon\.m2\repository\com\google\protobuf\protobuf-java\3.6.1\protobuf-java-3.6.1.jar;C:\Users\Leirumon\.m2\repository\junit\junit\4.13\junit-4.13.jar;C:\Users\Leirumon\.m2\repository\org\hamcrest\hamcrest-core\1.3\hamcrest-core-1.3.jar;C:\Users\Leirumon\.m2\repository\org\mockito\mockito-core\2.18.0\mockito-core-2.18.0.jar;C:\Users\Leirumon\.m2\repository\net\bytebuddy\byte-buddy\1.8.3\byte-buddy-1.8.3.jar;C:\Users\Leirumon\.m2\repository\net\bytebuddy\byte-buddy-agent\1.8.3\byte-buddy-agent-1.8.3.jar;C:\Users\Leirumon\.m2\repository\org\objenesis\objenesis\2.6\objenesis-2.6.jar;C:\Users\Leirumon\.m2\repository\org\databene\contiperf\2.3.4\contiperf-2.3.4.jar;C:\Users\Leirumon\.m2\repository\log4j\log4j\1.2.17\log4j-1.2.17.jar;C:\Users\Leirumon\.m2\repository\org\glassfish\jersey\core\jersey-server\2.30.1\jersey-server-2.30.1.jar;C:\Users\Leirumon\.m2\repository\org\glassfish\jersey\core\jersey-common\2.30.1\jersey-common-2.30.1.jar;C:\Users\Leirumon\.m2\repository\org\glassfish\hk2\osgi-resource-locator\1.0.3\osgi-resource-locator-1.0.3.jar;C:\Users\Leirumon\.m2\repository\com\sun\activation\jakarta.activation\1.2.1\jakarta.activation-1.2.1.jar;C:\Users\Leirumon\.m2\repository\org\glassfish\jersey\core\jersey-client\2.30.1\jersey-client-2.30.1.jar;C:\Users\Leirumon\.m2\repository\jakarta\ws\rs\jakarta.ws.rs-api\2.1.6\jakarta.ws.rs-api-2.1.6.jar;C:\Users\Leirumon\.m2\repository\org\glassfish\jersey\media\jersey-media-jaxb\2.30.1\jersey-media-jaxb-2.30.1.jar;C:\Users\Leirumon\.m2\repository\jakarta\annotation\jakarta.annotation-api\1.3.5\jakarta.annotation-api-1.3.5.jar;C:\Users\Leirumon\.m2\repository\org\glassfish\hk2\external\jakarta.inject\2.6.1\jakarta.inject-2.6.1.jar;C:\Users\Leirumon\.m2\repository\jakarta\validation\jakarta.validation-api\2.0.2\jakarta.validation-api-2.0.2.jar;C:\Users\Leirumon\.m2\repository\jakarta\xml\bind\jakarta.xml.bind-api\2.3.2\jakarta.xml.bind-api-2.3.2.jar;C:\Users\Leirumon\.m2\repository\jakarta\activation\jakarta.activation-api\1.2.1\jakarta.activation-api-1.2.1.jar;C:\Users\Leirumon\.m2\repository\org\glassfish\jersey\containers\jersey-container-grizzly2-http\2.30.1\jersey-container-grizzly2-http-2.30.1.jar;C:\Users\Leirumon\.m2\repository\org\glassfish\grizzly\grizzly-http-server\2.4.4\grizzly-http-server-2.4.4.jar;C:\Users\Leirumon\.m2\repository\org\glassfish\grizzly\grizzly-http\2.4.4\grizzly-http-2.4.4.jar;C:\Users\Leirumon\.m2\repository\org\glassfish\grizzly\grizzly-framework\2.4.4\grizzly-framework-2.4.4.jar;C:\Users\Leirumon\.m2\repository\org\glassfish\jersey\inject\jersey-hk2\2.30.1\jersey-hk2-2.30.1.jar;C:\Users\Leirumon\.m2\repository\org\glassfish\hk2\hk2-locator\2.6.1\hk2-locator-2.6.1.jar;C:\Users\Leirumon\.m2\repository\org\glassfish\hk2\external\aopalliance-repackaged\2.6.1\aopalliance-repackaged-2.6.1.jar;C:\Users\Leirumon\.m2\repository\org\glassfish\hk2\hk2-api\2.6.1\hk2-api-2.6.1.jar;C:\Users\Leirumon\.m2\repository\org\glassfish\hk2\hk2-utils\2.6.1\hk2-utils-2.6.1.jar;C:\Users\Leirumon\.m2\repository\org\javassist\javassist\3.25.0-GA\javassist-3.25.0-GA.jar;C:\Users\Leirumon\.m2\repository\org\glassfish\jersey\media\jersey-media-json-binding\2.30.1\jersey-media-json-binding-2.30.1.jar;C:\Users\Leirumon\.m2\repository\org\glassfish\jakarta.json\1.1.5\jakarta.json-1.1.5.jar;C:\Users\Leirumon\.m2\repository\org\eclipse\yasson\1.0.3\yasson-1.0.3.jar;C:\Users\Leirumon\.m2\repository\jakarta\json\bind\jakarta.json.bind-api\1.0.2\jakarta.json.bind-api-1.0.2.jar;C:\Users\Leirumon\.m2\repository\jakarta\json\jakarta.json-api\1.1.5\jakarta.json-api-1.1.5.jar;"/>
    <property name="sun.cpu.endian" value="little"/>
    <property name="user.home" value="C:\Users\Leirumon"/>
    <property name="user.language" value="es"/>
    <property name="java.specification.vendor" value="Oracle Corporation"/>
    <property name="java.version.date" value="2019-07-16"/>
    <property name="java.home" value="C:\Program Files\Java\jdk-12.0.2"/>
    <property name="file.separator" value="\"/>
    <property name="basedir" value="C:\Users\Leirumon\eclipse-workspace2\BSPQ20-E2-master\Netflix"/>
    <property name="java.vm.compressedOopsMode" value="32-bit"/>
    <property name="line.separator" value="&#10;"/>
    <property name="java.vm.specification.vendor" value="Oracle Corporation"/>
    <property name="java.specification.name" value="Java Platform API Specification"/>
    <property name="java.awt.graphicsenv" value="sun.awt.Win32GraphicsEnvironment"/>
    <property name="surefire.real.class.path" value="C:\Users\Leirumon\AppData\Local\Temp\surefire11977102045702686498\surefirebooter1912432390564823725.jar"/>
    <property name="user.script" value=""/>
    <property name="sun.management.compiler" value="HotSpot 64-Bit Tiered Compilers"/>
    <property name="java.runtime.version" value="12.0.2+10"/>
    <property name="user.name" value="Leirumon"/>
    <property name="path.separator" value=";"/>
    <property name="os.version" value="10.0"/>
    <property name="java.runtime.name" value="Java(TM) SE Runtime Environment"/>
    <property name="file.encoding" value="Cp1252"/>
    <property name="java.vm.name" value="Java HotSpot(TM) 64-Bit Server VM"/>
    <property name="localRepository" value="C:\Users\Leirumon\.m2\repository"/>
    <property name="java.vendor.url.bug" value="https://bugreport.java.com/bugreport/"/>
    <property name="java.io.tmpdir" value="C:\Users\Leirumon\AppData\Local\Temp\"/>
    <property name="java.version" value="12.0.2"/>
    <property name="user.dir" value="C:\Users\Leirumon\eclipse-workspace2\BSPQ20-E2-master\Netflix"/>
    <property name="os.arch" value="amd64"/>
    <property name="java.vm.specification.name" value="Java Virtual Machine Specification"/>
    <property name="sun.os.patch.level" value=""/>
    <property name="java.library.path" value="C:\Program Files\Java\jdk-12.0.2\bin;C:\WINDOWS\Sun\Java\bin;C:\WINDOWS\system32;C:\WINDOWS;C:\apache-maven-3.6.3\bin;C:\apache-ant-1.10.7\bin;C:\Program Files\Java\jdk-12.0.2\bin;C:\ProgramData\Oracle\Java\javapath;C:\Program Files (x86)\Intel\iCLS Client\;C:\Program Files\Intel\iCLS Client\;C:\Windows\system32;C:\Windows;C:\Windows\System32\Wbem;C:\Windows\System32\WindowsPowerShell\v1.0\;C:\Program Files (x86)\Intel\Intel(R) Management Engine Components\DAL;C:\Program Files\Intel\Intel(R) Management Engine Components\DAL;C:\Program Files (x86)\Intel\Intel(R) Management Engine Components\IPT;C:\Program Files\Intel\Intel(R) Management Engine Components\IPT;C:\Program Files (x86)\NVIDIA Corporation\PhysX\Common;C:\WINDOWS\system32;C:\WINDOWS;C:\WINDOWS\System32\Wbem;C:\WINDOWS\System32\WindowsPowerShell\v1.0\;C:\MinGW\bin\;C:\WINDOWS\System32\OpenSSH\;C:\xampp\php;C:\ProgramData\ComposerSetup\bin;C:\sqlite3;C:\Program Files\dotnet\;C:\Program Files\Microsoft SQL Server\130\Tools\Binn\;C:\Program Files\nodejs\;C:\Program Files\MiKTeX 2.9\miktex\bin\x64\;C:\mysql-8.0.18-winx64\bin;C:\Program Files (x86)\Windows Kits\8.1\Windows Performance Toolkit\;C:\Program Files\Microsoft SQL Server\110\Tools\Binn\;C:\Users\Leirumon\AppData\Local\Microsoft\WindowsApps;C:\Users\Leirumon\AppData\Roaming\Composer\vendor\bin;C:\Users\Leirumon\AppData\Roaming\npm;C:\Users\Leirumon\AppData\Local\Programs\Microsoft VS Code\bin;."/>
    <property name="java.vm.info" value="mixed mode, sharing"/>
    <property name="java.vendor" value="Oracle Corporation"/>
    <property name="java.vm.version" value="12.0.2+10"/>
    <property name="sun.io.unicode.encoding" value="UnicodeLittle"/>
    <property name="java.class.version" value="56.0"/>
  </properties>
  <testcase name="buyFilmTest" classname="BSPQ20_E2.Netflix.DBTest" time="0.771"/>
  <testcase name="doesBoughtFilmsCountIncrement" classname="BSPQ20_E2.Netflix.DBTest" time="1.217"/>
  <testcase name="checkCredentials" classname="BSPQ20_E2.Netflix.DBTest" time="0.147"/>
  <testcase name="searchFilmsWOAttibutes" classname="BSPQ20_E2.Netflix.DBTest" time="0.288"/>
  <testcase name="myFilmsNotNull" classname="BSPQ20_E2.Netflix.DBTest" time="0.762"/>
  <testcase name="checkRegistration" classname="BSPQ20_E2.Netflix.DBTest" time="0.333"/>
  <testcase name="checkConnection" classname="BSPQ20_E2.Netflix.DBTest" time="0.131"/>
  <testcase name="doFilmsHavePrice" classname="BSPQ20_E2.Netflix.DBTest" time="0.153"/>
  <testcase name="getUserID" classname="BSPQ20_E2.Netflix.DBTest" time="0.147"/>
  <testcase name="checkFilmSearch" classname="BSPQ20_E2.Netflix.DBTest" time="0.124"/>
  <testcase name="checkFilmRetriever" classname="BSPQ20_E2.Netflix.DBTest" time="0.13"/>
  <testcase name="createDB" classname="BSPQ20_E2.Netflix.DBTest" time="0.011"/>
  <testcase name="doesFreeFilmWork" classname="BSPQ20_E2.Netflix.DBTest" time="2.455"/>
</testsuite>